{"/workspace/src/components/ConfirmDialog.vue": {"path":"/workspace/src/components/ConfirmDialog.vue","statementMap":{"0":{"start":{"line":46,"column":13},"end":{"line":46,"column":null}},"1":{"start":{"line":49,"column":2},"end":{"line":49,"column":null}},"2":{"start":{"line":50,"column":2},"end":{"line":50,"column":null}},"3":{"start":{"line":54,"column":2},"end":{"line":54,"column":null}},"4":{"start":{"line":55,"column":2},"end":{"line":55,"column":null}},"5":{"start":{"line":5,"column":25},"end":{"line":5,"column":null}},"6":{"start":{"line":8,"column":47},"end":{"line":8,"column":47}},"7":{"start":{"line":10,"column":21},"end":{"line":10,"column":21}},"8":{"start":{"line":19,"column":8},"end":{"line":19,"column":16}},"9":{"start":{"line":26,"column":8},"end":{"line":26,"column":16}}},"fnMap":{"0":{"name":"handleConfirm","decl":{"start":{"line":48,"column":9},"end":{"line":48,"column":25}},"loc":{"start":{"line":48,"column":25},"end":{"line":51,"column":null}},"line":48},"1":{"name":"handleCancel","decl":{"start":{"line":53,"column":9},"end":{"line":53,"column":24}},"loc":{"start":{"line":53,"column":24},"end":{"line":56,"column":null}},"line":53},"2":{"name":"(anonymous_2)","decl":{"start":{"line":5,"column":23},"end":{"line":5,"column":25}},"loc":{"start":{"line":5,"column":25},"end":{"line":5,"column":null}},"line":5},"3":{"name":"(anonymous_3)","decl":{"start":{"line":8,"column":36},"end":{"line":8,"column":39}},"loc":{"start":{"line":8,"column":47},"end":{"line":8,"column":47}},"line":8},"4":{"name":"(anonymous_4)","decl":{"start":{"line":10,"column":8},"end":{"line":10,"column":11}},"loc":{"start":{"line":10,"column":21},"end":{"line":10,"column":21}},"line":10},"5":{"name":"(anonymous_5)","decl":{"start":{"line":17,"column":9},"end":{"line":17,"column":null}},"loc":{"start":{"line":19,"column":8},"end":{"line":19,"column":16}},"line":19},"6":{"name":"(anonymous_6)","decl":{"start":{"line":24,"column":9},"end":{"line":24,"column":null}},"loc":{"start":{"line":26,"column":8},"end":{"line":26,"column":16}},"line":26}},"branchMap":{"0":{"loc":{"start":{"line":5,"column":23},"end":{"line":5,"column":null}},"type":"binary-expr","locations":[{"start":{"line":5,"column":23},"end":{"line":5,"column":25}},{"start":{"line":5,"column":23},"end":{"line":5,"column":null}}],"line":5},"1":{"loc":{"start":{"line":19,"column":8},"end":{"line":19,"column":16}},"type":"binary-expr","locations":[{"start":{"line":19,"column":8},"end":{"line":19,"column":16}},{"start":{"line":19,"column":8},"end":{"line":19,"column":16}}],"line":19},"2":{"loc":{"start":{"line":26,"column":8},"end":{"line":26,"column":16}},"type":"binary-expr","locations":[{"start":{"line":26,"column":8},"end":{"line":26,"column":16}},{"start":{"line":26,"column":8},"end":{"line":26,"column":16}}],"line":26}},"s":{"0":3,"1":0,"2":0,"3":0,"4":0,"5":0,"6":3,"7":3,"8":3,"9":3},"f":{"0":0,"1":0,"2":0,"3":3,"4":3,"5":3,"6":3},"b":{"0":[3,3],"1":[3,3],"2":[3,3]},"meta":{"lastBranch":3,"lastFunction":7,"lastStatement":10,"seen":{"s:46:13:46:Infinity":0,"f:48:9:48:25":0,"s:49:2:49:Infinity":1,"s:50:2:50:Infinity":2,"f:53:9:53:24":1,"s:54:2:54:Infinity":3,"s:55:2:55:Infinity":4,"b:5:23:5:25:5:23:5:Infinity":0,"f:5:23:5:25":2,"s:5:25:5:Infinity":5,"f:8:36:8:39":3,"s:8:47:8:47":6,"f:10:8:10:11":4,"s:10:21:10:21":7,"f:17:9:17:Infinity":5,"s:19:8:19:16":8,"b:19:8:19:16:19:8:19:16":1,"f:24:9:24:Infinity":6,"s:26:8:26:16":9,"b:26:8:26:16:26:8:26:16":2}}}
,"/workspace/src/composables/useLocalStorage.ts": {"path":"/workspace/src/composables/useLocalStorage.ts","statementMap":{"0":{"start":{"line":17,"column":20},"end":{"line":17,"column":null}},"1":{"start":{"line":23,"column":2},"end":{"line":41,"column":null}},"2":{"start":{"line":24,"column":19},"end":{"line":24,"column":null}},"3":{"start":{"line":25,"column":4},"end":{"line":27,"column":null}},"4":{"start":{"line":26,"column":6},"end":{"line":26,"column":null}},"5":{"start":{"line":28,"column":19},"end":{"line":28,"column":null}},"6":{"start":{"line":30,"column":4},"end":{"line":36,"column":null}},"7":{"start":{"line":35,"column":6},"end":{"line":35,"column":null}},"8":{"start":{"line":37,"column":4},"end":{"line":37,"column":null}},"9":{"start":{"line":39,"column":4},"end":{"line":39,"column":null}},"10":{"start":{"line":40,"column":4},"end":{"line":40,"column":null}},"11":{"start":{"line":48,"column":2},"end":{"line":60,"column":null}},"12":{"start":{"line":49,"column":23},"end":{"line":49,"column":null}},"13":{"start":{"line":50,"column":4},"end":{"line":50,"column":null}},"14":{"start":{"line":52,"column":4},"end":{"line":52,"column":null}},"15":{"start":{"line":54,"column":4},"end":{"line":59,"column":null}},"16":{"start":{"line":55,"column":6},"end":{"line":55,"column":null}},"17":{"start":{"line":56,"column":6},"end":{"line":56,"column":null}},"18":{"start":{"line":58,"column":6},"end":{"line":58,"column":null}},"19":{"start":{"line":67,"column":2},"end":{"line":71,"column":null}},"20":{"start":{"line":68,"column":4},"end":{"line":68,"column":null}},"21":{"start":{"line":70,"column":4},"end":{"line":70,"column":null}}},"fnMap":{"0":{"name":"loadFromLocalStorage","decl":{"start":{"line":22,"column":16},"end":{"line":22,"column":62}},"loc":{"start":{"line":22,"column":62},"end":{"line":42,"column":null}},"line":22},"1":{"name":"saveToLocalStorage","decl":{"start":{"line":47,"column":16},"end":{"line":47,"column":35}},"loc":{"start":{"line":47,"column":63},"end":{"line":61,"column":null}},"line":47},"2":{"name":"clearLocalStorage","decl":{"start":{"line":66,"column":16},"end":{"line":66,"column":42}},"loc":{"start":{"line":66,"column":42},"end":{"line":72,"column":null}},"line":66}},"branchMap":{"0":{"loc":{"start":{"line":25,"column":4},"end":{"line":27,"column":null}},"type":"if","locations":[{"start":{"line":25,"column":4},"end":{"line":27,"column":null}},{"start":{},"end":{}}],"line":25},"1":{"loc":{"start":{"line":30,"column":4},"end":{"line":36,"column":null}},"type":"if","locations":[{"start":{"line":30,"column":4},"end":{"line":36,"column":null}},{"start":{},"end":{}}],"line":30},"2":{"loc":{"start":{"line":31,"column":6},"end":{"line":33,"column":null}},"type":"binary-expr","locations":[{"start":{"line":31,"column":6},"end":{"line":31,"column":null}},{"start":{"line":32,"column":6},"end":{"line":32,"column":null}},{"start":{"line":33,"column":6},"end":{"line":33,"column":null}}],"line":31}},"s":{"0":2,"1":15,"2":15,"3":15,"4":4,"5":11,"6":11,"7":7,"8":3,"9":1,"10":1,"11":59,"12":59,"13":59,"14":0,"15":0,"16":0,"17":0,"18":0,"19":3,"20":3,"21":0},"f":{"0":15,"1":59,"2":3},"b":{"0":[4,11],"1":[7,4],"2":[11,10,8]},"meta":{"lastBranch":3,"lastFunction":3,"lastStatement":22,"seen":{"s:17:20:17:Infinity":0,"f:22:16:22:62":0,"s:23:2:41:Infinity":1,"s:24:19:24:Infinity":2,"b:25:4:27:Infinity:undefined:undefined:undefined:undefined":0,"s:25:4:27:Infinity":3,"s:26:6:26:Infinity":4,"s:28:19:28:Infinity":5,"b:30:4:36:Infinity:undefined:undefined:undefined:undefined":1,"s:30:4:36:Infinity":6,"b:31:6:31:Infinity:32:6:32:Infinity:33:6:33:Infinity":2,"s:35:6:35:Infinity":7,"s:37:4:37:Infinity":8,"s:39:4:39:Infinity":9,"s:40:4:40:Infinity":10,"f:47:16:47:35":1,"s:48:2:60:Infinity":11,"s:49:23:49:Infinity":12,"s:50:4:50:Infinity":13,"s:52:4:52:Infinity":14,"s:54:4:59:Infinity":15,"s:55:6:55:Infinity":16,"s:56:6:56:Infinity":17,"s:58:6:58:Infinity":18,"f:66:16:66:42":2,"s:67:2:71:Infinity":19,"s:68:4:68:Infinity":20,"s:70:4:70:Infinity":21}}}
,"/workspace/src/stores/tabsStore.ts": {"path":"/workspace/src/stores/tabsStore.ts","statementMap":{"0":{"start":{"line":12,"column":13},"end":{"line":181,"column":null}},"1":{"start":{"line":14,"column":8},"end":{"line":14,"column":null}},"2":{"start":{"line":15,"column":8},"end":{"line":15,"column":null}},"3":{"start":{"line":16,"column":8},"end":{"line":16,"column":null}},"4":{"start":{"line":19,"column":8},"end":{"line":21,"column":null}},"5":{"start":{"line":20,"column":4},"end":{"line":20,"column":null}},"6":{"start":{"line":20,"column":34},"end":{"line":20,"column":62}},"7":{"start":{"line":23,"column":8},"end":{"line":25,"column":null}},"8":{"start":{"line":24,"column":4},"end":{"line":24,"column":null}},"9":{"start":{"line":29,"column":24},"end":{"line":34,"column":null}},"10":{"start":{"line":35,"column":4},"end":{"line":35,"column":null}},"11":{"start":{"line":36,"column":4},"end":{"line":36,"column":null}},"12":{"start":{"line":38,"column":4},"end":{"line":38,"column":null}},"13":{"start":{"line":39,"column":4},"end":{"line":39,"column":null}},"14":{"start":{"line":43,"column":18},"end":{"line":43,"column":null}},"15":{"start":{"line":43,"column":46},"end":{"line":43,"column":59}},"16":{"start":{"line":44,"column":4},"end":{"line":44,"column":null}},"17":{"start":{"line":44,"column":22},"end":{"line":44,"column":null}},"18":{"start":{"line":46,"column":4},"end":{"line":46,"column":null}},"19":{"start":{"line":49,"column":4},"end":{"line":60,"column":null}},"20":{"start":{"line":50,"column":6},"end":{"line":59,"column":null}},"21":{"start":{"line":52,"column":26},"end":{"line":52,"column":null}},"22":{"start":{"line":53,"column":8},"end":{"line":53,"column":null}},"23":{"start":{"line":55,"column":8},"end":{"line":55,"column":null}},"24":{"start":{"line":57,"column":8},"end":{"line":57,"column":null}},"25":{"start":{"line":58,"column":8},"end":{"line":58,"column":null}},"26":{"start":{"line":62,"column":4},"end":{"line":62,"column":null}},"27":{"start":{"line":66,"column":4},"end":{"line":70,"column":null}},"28":{"start":{"line":66,"column":31},"end":{"line":66,"column":44}},"29":{"start":{"line":67,"column":6},"end":{"line":67,"column":null}},"30":{"start":{"line":69,"column":6},"end":{"line":69,"column":null}},"31":{"start":{"line":74,"column":16},"end":{"line":74,"column":null}},"32":{"start":{"line":74,"column":37},"end":{"line":74,"column":48}},"33":{"start":{"line":75,"column":4},"end":{"line":77,"column":null}},"34":{"start":{"line":76,"column":6},"end":{"line":76,"column":null}},"35":{"start":{"line":81,"column":16},"end":{"line":81,"column":null}},"36":{"start":{"line":81,"column":37},"end":{"line":81,"column":48}},"37":{"start":{"line":82,"column":4},"end":{"line":86,"column":null}},"38":{"start":{"line":83,"column":6},"end":{"line":83,"column":null}},"39":{"start":{"line":85,"column":6},"end":{"line":85,"column":null}},"40":{"start":{"line":90,"column":4},"end":{"line":90,"column":null}},"41":{"start":{"line":91,"column":4},"end":{"line":91,"column":null}},"42":{"start":{"line":98,"column":33},"end":{"line":107,"column":null}},"43":{"start":{"line":99,"column":35},"end":{"line":104,"column":8}},"44":{"start":{"line":108,"column":4},"end":{"line":108,"column":null}},"45":{"start":{"line":115,"column":10},"end":{"line":115,"column":null}},"46":{"start":{"line":116,"column":4},"end":{"line":135,"column":null}},"47":{"start":{"line":118,"column":6},"end":{"line":123,"column":null}},"48":{"start":{"line":118,"column":43},"end":{"line":123,"column":8}},"49":{"start":{"line":125,"column":6},"end":{"line":129,"column":null}},"50":{"start":{"line":125,"column":53},"end":{"line":125,"column":80}},"51":{"start":{"line":126,"column":8},"end":{"line":126,"column":null}},"52":{"start":{"line":128,"column":8},"end":{"line":128,"column":null}},"53":{"start":{"line":131,"column":6},"end":{"line":133,"column":null}},"54":{"start":{"line":132,"column":8},"end":{"line":132,"column":null}},"55":{"start":{"line":134,"column":6},"end":{"line":134,"column":null}},"56":{"start":{"line":136,"column":4},"end":{"line":136,"column":null}},"57":{"start":{"line":140,"column":8},"end":{"line":140,"column":null}},"58":{"start":{"line":143,"column":2},"end":{"line":152,"column":null}},"59":{"start":{"line":147,"column":6},"end":{"line":149,"column":null}},"60":{"start":{"line":148,"column":8},"end":{"line":148,"column":null}},"61":{"start":{"line":156,"column":19},"end":{"line":156,"column":null}},"62":{"start":{"line":157,"column":4},"end":{"line":159,"column":null}},"63":{"start":{"line":158,"column":6},"end":{"line":158,"column":null}},"64":{"start":{"line":162,"column":2},"end":{"line":180,"column":null}}},"fnMap":{"0":{"name":"(anonymous_0)","decl":{"start":{"line":12,"column":48},"end":{"line":12,"column":54}},"loc":{"start":{"line":12,"column":54},"end":{"line":181,"column":1}},"line":12},"1":{"name":"(anonymous_1)","decl":{"start":{"line":19,"column":29},"end":{"line":19,"column":35}},"loc":{"start":{"line":19,"column":35},"end":{"line":21,"column":3}},"line":19},"2":{"name":"(anonymous_2)","decl":{"start":{"line":20,"column":27},"end":{"line":20,"column":34}},"loc":{"start":{"line":20,"column":34},"end":{"line":20,"column":62}},"line":20},"3":{"name":"(anonymous_3)","decl":{"start":{"line":23,"column":36},"end":{"line":23,"column":42}},"loc":{"start":{"line":23,"column":42},"end":{"line":25,"column":3}},"line":23},"4":{"name":"addTab","decl":{"start":{"line":28,"column":11},"end":{"line":28,"column":18}},"loc":{"start":{"line":28,"column":41},"end":{"line":40,"column":null}},"line":28},"5":{"name":"removeTab","decl":{"start":{"line":42,"column":11},"end":{"line":42,"column":21}},"loc":{"start":{"line":42,"column":39},"end":{"line":63,"column":null}},"line":42},"6":{"name":"(anonymous_6)","decl":{"start":{"line":43,"column":39},"end":{"line":43,"column":46}},"loc":{"start":{"line":43,"column":46},"end":{"line":43,"column":59}},"line":43},"7":{"name":"setActiveTab","decl":{"start":{"line":65,"column":11},"end":{"line":65,"column":24}},"loc":{"start":{"line":65,"column":42},"end":{"line":71,"column":null}},"line":65},"8":{"name":"(anonymous_8)","decl":{"start":{"line":66,"column":24},"end":{"line":66,"column":31}},"loc":{"start":{"line":66,"column":31},"end":{"line":66,"column":44}},"line":66},"9":{"name":"updateTabContent","decl":{"start":{"line":73,"column":11},"end":{"line":73,"column":28}},"loc":{"start":{"line":73,"column":63},"end":{"line":78,"column":null}},"line":73},"10":{"name":"(anonymous_10)","decl":{"start":{"line":74,"column":32},"end":{"line":74,"column":37}},"loc":{"start":{"line":74,"column":37},"end":{"line":74,"column":48}},"line":74},"11":{"name":"renameTab","decl":{"start":{"line":80,"column":11},"end":{"line":80,"column":21}},"loc":{"start":{"line":80,"column":53},"end":{"line":87,"column":null}},"line":80},"12":{"name":"(anonymous_12)","decl":{"start":{"line":81,"column":32},"end":{"line":81,"column":37}},"loc":{"start":{"line":81,"column":37},"end":{"line":81,"column":48}},"line":81},"13":{"name":"setFontSize","decl":{"start":{"line":89,"column":11},"end":{"line":89,"column":23}},"loc":{"start":{"line":89,"column":43},"end":{"line":92,"column":null}},"line":89},"14":{"name":"saveToStore","decl":{"start":{"line":97,"column":11},"end":{"line":97,"column":31}},"loc":{"start":{"line":97,"column":31},"end":{"line":109,"column":null}},"line":97},"15":{"name":"(anonymous_15)","decl":{"start":{"line":99,"column":27},"end":{"line":99,"column":35}},"loc":{"start":{"line":99,"column":35},"end":{"line":104,"column":8}},"line":99},"16":{"name":"loadFromStore","decl":{"start":{"line":114,"column":11},"end":{"line":114,"column":36}},"loc":{"start":{"line":114,"column":36},"end":{"line":137,"column":null}},"line":114},"17":{"name":"(anonymous_17)","decl":{"start":{"line":118,"column":35},"end":{"line":118,"column":43}},"loc":{"start":{"line":118,"column":43},"end":{"line":123,"column":8}},"line":118},"18":{"name":"(anonymous_18)","decl":{"start":{"line":125,"column":48},"end":{"line":125,"column":53}},"loc":{"start":{"line":125,"column":53},"end":{"line":125,"column":80}},"line":125},"19":{"name":"(anonymous_19)","decl":{"start":{"line":145,"column":4},"end":{"line":145,"column":10}},"loc":{"start":{"line":145,"column":10},"end":{"line":150,"column":null}},"line":145},"20":{"name":"initialize","decl":{"start":{"line":155,"column":11},"end":{"line":155,"column":30}},"loc":{"start":{"line":155,"column":30},"end":{"line":160,"column":null}},"line":155}},"branchMap":{"0":{"loc":{"start":{"line":20,"column":11},"end":{"line":20,"column":null}},"type":"binary-expr","locations":[{"start":{"line":20,"column":11},"end":{"line":20,"column":67}},{"start":{"line":20,"column":67},"end":{"line":20,"column":null}}],"line":20},"1":{"loc":{"start":{"line":24,"column":11},"end":{"line":24,"column":null}},"type":"binary-expr","locations":[{"start":{"line":24,"column":11},"end":{"line":24,"column":39}},{"start":{"line":24,"column":39},"end":{"line":24,"column":null}}],"line":24},"2":{"loc":{"start":{"line":31,"column":12},"end":{"line":31,"column":null}},"type":"binary-expr","locations":[{"start":{"line":31,"column":12},"end":{"line":31,"column":20}},{"start":{"line":31,"column":20},"end":{"line":31,"column":null}}],"line":31},"3":{"loc":{"start":{"line":44,"column":4},"end":{"line":44,"column":null}},"type":"if","locations":[{"start":{"line":44,"column":4},"end":{"line":44,"column":null}},{"start":{},"end":{}}],"line":44},"4":{"loc":{"start":{"line":49,"column":4},"end":{"line":60,"column":null}},"type":"if","locations":[{"start":{"line":49,"column":4},"end":{"line":60,"column":null}},{"start":{},"end":{}}],"line":49},"5":{"loc":{"start":{"line":50,"column":6},"end":{"line":59,"column":null}},"type":"if","locations":[{"start":{"line":50,"column":6},"end":{"line":59,"column":null}},{"start":{"line":54,"column":13},"end":{"line":59,"column":null}}],"line":50},"6":{"loc":{"start":{"line":52,"column":26},"end":{"line":52,"column":null}},"type":"cond-expr","locations":[{"start":{"line":52,"column":54},"end":{"line":52,"column":62}},{"start":{"line":52,"column":62},"end":{"line":52,"column":null}}],"line":52},"7":{"loc":{"start":{"line":53,"column":28},"end":{"line":53,"column":null}},"type":"binary-expr","locations":[{"start":{"line":53,"column":28},"end":{"line":53,"column":57}},{"start":{"line":53,"column":57},"end":{"line":53,"column":78}},{"start":{"line":53,"column":78},"end":{"line":53,"column":null}}],"line":53},"8":{"loc":{"start":{"line":66,"column":4},"end":{"line":70,"column":null}},"type":"if","locations":[{"start":{"line":66,"column":4},"end":{"line":70,"column":null}},{"start":{},"end":{}}],"line":66},"9":{"loc":{"start":{"line":75,"column":4},"end":{"line":77,"column":null}},"type":"if","locations":[{"start":{"line":75,"column":4},"end":{"line":77,"column":null}},{"start":{},"end":{}}],"line":75},"10":{"loc":{"start":{"line":82,"column":4},"end":{"line":86,"column":null}},"type":"if","locations":[{"start":{"line":82,"column":4},"end":{"line":86,"column":null}},{"start":{},"end":{}}],"line":82},"11":{"loc":{"start":{"line":82,"column":8},"end":{"line":82,"column":28}},"type":"binary-expr","locations":[{"start":{"line":82,"column":8},"end":{"line":82,"column":15}},{"start":{"line":82,"column":15},"end":{"line":82,"column":28}}],"line":82},"12":{"loc":{"start":{"line":116,"column":4},"end":{"line":135,"column":null}},"type":"if","locations":[{"start":{"line":116,"column":4},"end":{"line":135,"column":null}},{"start":{},"end":{}}],"line":116},"13":{"loc":{"start":{"line":116,"column":8},"end":{"line":116,"column":42}},"type":"binary-expr","locations":[{"start":{"line":116,"column":8},"end":{"line":116,"column":18}},{"start":{"line":116,"column":18},"end":{"line":116,"column":42}}],"line":116},"14":{"loc":{"start":{"line":125,"column":6},"end":{"line":129,"column":null}},"type":"if","locations":[{"start":{"line":125,"column":6},"end":{"line":129,"column":null}},{"start":{"line":127,"column":13},"end":{"line":129,"column":null}}],"line":125},"15":{"loc":{"start":{"line":125,"column":10},"end":{"line":125,"column":83}},"type":"binary-expr","locations":[{"start":{"line":125,"column":10},"end":{"line":125,"column":32}},{"start":{"line":125,"column":32},"end":{"line":125,"column":83}}],"line":125},"16":{"loc":{"start":{"line":128,"column":28},"end":{"line":128,"column":null}},"type":"binary-expr","locations":[{"start":{"line":128,"column":28},"end":{"line":128,"column":49}},{"start":{"line":128,"column":49},"end":{"line":128,"column":null}}],"line":128},"17":{"loc":{"start":{"line":131,"column":6},"end":{"line":133,"column":null}},"type":"if","locations":[{"start":{"line":131,"column":6},"end":{"line":133,"column":null}},{"start":{},"end":{}}],"line":131},"18":{"loc":{"start":{"line":147,"column":6},"end":{"line":149,"column":null}},"type":"if","locations":[{"start":{"line":147,"column":6},"end":{"line":149,"column":null}},{"start":{},"end":{}}],"line":147},"19":{"loc":{"start":{"line":157,"column":4},"end":{"line":159,"column":null}},"type":"if","locations":[{"start":{"line":157,"column":4},"end":{"line":159,"column":null}},{"start":{},"end":{}}],"line":157},"20":{"loc":{"start":{"line":157,"column":8},"end":{"line":157,"column":44}},"type":"binary-expr","locations":[{"start":{"line":157,"column":8},"end":{"line":157,"column":19}},{"start":{"line":157,"column":19},"end":{"line":157,"column":44}}],"line":157}},"s":{"0":1,"1":28,"2":28,"3":28,"4":28,"5":5,"6":4,"7":28,"8":2,"9":34,"10":34,"11":34,"12":34,"13":34,"14":6,"15":9,"16":6,"17":1,"18":5,"19":5,"20":3,"21":2,"22":2,"23":1,"24":1,"25":1,"26":4,"27":9,"28":14,"29":8,"30":8,"31":3,"32":3,"33":3,"34":2,"35":3,"36":3,"37":3,"38":2,"39":2,"40":6,"41":6,"42":55,"43":77,"44":55,"45":7,"46":7,"47":5,"48":7,"49":5,"50":7,"51":4,"52":1,"53":5,"54":5,"55":5,"56":2,"57":28,"58":28,"59":25,"60":23,"61":2,"62":2,"63":1,"64":28},"f":{"0":28,"1":5,"2":4,"3":2,"4":34,"5":6,"6":9,"7":9,"8":14,"9":3,"10":3,"11":3,"12":3,"13":6,"14":55,"15":77,"16":7,"17":7,"18":7,"19":25,"20":2},"b":{"0":[5,2],"1":[2,1],"2":[34,3],"3":[1,5],"4":[3,2],"5":[2,1],"6":[1,1],"7":[2,0,0],"8":[8,1],"9":[2,1],"10":[2,1],"11":[3,3],"12":[5,2],"13":[7,5],"14":[4,1],"15":[5,5],"16":[1,0],"17":[5,0],"18":[23,2],"19":[1,1],"20":[2,1]},"meta":{"lastBranch":21,"lastFunction":21,"lastStatement":65,"seen":{"s:12:13:181:Infinity":0,"f:12:48:12:54":0,"s:14:8:14:Infinity":1,"s:15:8:15:Infinity":2,"s:16:8:16:Infinity":3,"s:19:8:21:Infinity":4,"f:19:29:19:35":1,"s:20:4:20:Infinity":5,"b:20:11:20:67:20:67:20:Infinity":0,"f:20:27:20:34":2,"s:20:34:20:62":6,"s:23:8:25:Infinity":7,"f:23:36:23:42":3,"s:24:4:24:Infinity":8,"b:24:11:24:39:24:39:24:Infinity":1,"f:28:11:28:18":4,"s:29:24:34:Infinity":9,"b:31:12:31:20:31:20:31:Infinity":2,"s:35:4:35:Infinity":10,"s:36:4:36:Infinity":11,"s:38:4:38:Infinity":12,"s:39:4:39:Infinity":13,"f:42:11:42:21":5,"s:43:18:43:Infinity":14,"f:43:39:43:46":6,"s:43:46:43:59":15,"b:44:4:44:Infinity:undefined:undefined:undefined:undefined":3,"s:44:4:44:Infinity":16,"s:44:22:44:Infinity":17,"s:46:4:46:Infinity":18,"b:49:4:60:Infinity:undefined:undefined:undefined:undefined":4,"s:49:4:60:Infinity":19,"b:50:6:59:Infinity:54:13:59:Infinity":5,"s:50:6:59:Infinity":20,"s:52:26:52:Infinity":21,"b:52:54:52:62:52:62:52:Infinity":6,"s:53:8:53:Infinity":22,"b:53:28:53:57:53:57:53:78:53:78:53:Infinity":7,"s:55:8:55:Infinity":23,"s:57:8:57:Infinity":24,"s:58:8:58:Infinity":25,"s:62:4:62:Infinity":26,"f:65:11:65:24":7,"b:66:4:70:Infinity:undefined:undefined:undefined:undefined":8,"s:66:4:70:Infinity":27,"f:66:24:66:31":8,"s:66:31:66:44":28,"s:67:6:67:Infinity":29,"s:69:6:69:Infinity":30,"f:73:11:73:28":9,"s:74:16:74:Infinity":31,"f:74:32:74:37":10,"s:74:37:74:48":32,"b:75:4:77:Infinity:undefined:undefined:undefined:undefined":9,"s:75:4:77:Infinity":33,"s:76:6:76:Infinity":34,"f:80:11:80:21":11,"s:81:16:81:Infinity":35,"f:81:32:81:37":12,"s:81:37:81:48":36,"b:82:4:86:Infinity:undefined:undefined:undefined:undefined":10,"s:82:4:86:Infinity":37,"b:82:8:82:15:82:15:82:28":11,"s:83:6:83:Infinity":38,"s:85:6:85:Infinity":39,"f:89:11:89:23":13,"s:90:4:90:Infinity":40,"s:91:4:91:Infinity":41,"f:97:11:97:31":14,"s:98:33:107:Infinity":42,"f:99:27:99:35":15,"s:99:35:104:8":43,"s:108:4:108:Infinity":44,"f:114:11:114:36":16,"s:115:10:115:Infinity":45,"b:116:4:135:Infinity:undefined:undefined:undefined:undefined":12,"s:116:4:135:Infinity":46,"b:116:8:116:18:116:18:116:42":13,"s:118:6:123:Infinity":47,"f:118:35:118:43":17,"s:118:43:123:8":48,"b:125:6:129:Infinity:127:13:129:Infinity":14,"s:125:6:129:Infinity":49,"b:125:10:125:32:125:32:125:83":15,"f:125:48:125:53":18,"s:125:53:125:80":50,"s:126:8:126:Infinity":51,"s:128:8:128:Infinity":52,"b:128:28:128:49:128:49:128:Infinity":16,"b:131:6:133:Infinity:undefined:undefined:undefined:undefined":17,"s:131:6:133:Infinity":53,"s:132:8:132:Infinity":54,"s:134:6:134:Infinity":55,"s:136:4:136:Infinity":56,"s:140:8:140:Infinity":57,"s:143:2:152:Infinity":58,"f:145:4:145:10":19,"b:147:6:149:Infinity:undefined:undefined:undefined:undefined":18,"s:147:6:149:Infinity":59,"s:148:8:148:Infinity":60,"f:155:11:155:30":20,"s:156:19:156:Infinity":61,"b:157:4:159:Infinity:undefined:undefined:undefined:undefined":19,"s:157:4:159:Infinity":62,"b:157:8:157:19:157:19:157:44":20,"s:158:6:158:Infinity":63,"s:162:2:180:Infinity":64}}}
,"/workspace/src/utils/debounce.ts": {"path":"/workspace/src/utils/debounce.ts","statementMap":{"0":{"start":{"line":5,"column":54},"end":{"line":5,"column":null}},"1":{"start":{"line":7,"column":2},"end":{"line":17,"column":null}},"2":{"start":{"line":8,"column":18},"end":{"line":11,"column":null}},"3":{"start":{"line":9,"column":6},"end":{"line":9,"column":null}},"4":{"start":{"line":10,"column":6},"end":{"line":10,"column":null}},"5":{"start":{"line":13,"column":4},"end":{"line":15,"column":null}},"6":{"start":{"line":14,"column":6},"end":{"line":14,"column":null}},"7":{"start":{"line":16,"column":4},"end":{"line":16,"column":null}}},"fnMap":{"0":{"name":"debounce","decl":{"start":{"line":1,"column":16},"end":{"line":1,"column":null}},"loc":{"start":{"line":4,"column":36},"end":{"line":18,"column":null}},"line":4},"1":{"name":"executedFunction","decl":{"start":{"line":7,"column":18},"end":{"line":7,"column":38}},"loc":{"start":{"line":7,"column":59},"end":{"line":17,"column":null}},"line":7},"2":{"name":"(anonymous_2)","decl":{"start":{"line":8,"column":18},"end":{"line":8,"column":24}},"loc":{"start":{"line":8,"column":24},"end":{"line":11,"column":null}},"line":8}},"branchMap":{"0":{"loc":{"start":{"line":13,"column":4},"end":{"line":15,"column":null}},"type":"if","locations":[{"start":{"line":13,"column":4},"end":{"line":15,"column":null}},{"start":{},"end":{}}],"line":13}},"s":{"0":31,"1":31,"2":28,"3":3,"4":3,"5":28,"6":2,"7":28},"f":{"0":31,"1":28,"2":3},"b":{"0":[2,26]},"meta":{"lastBranch":1,"lastFunction":3,"lastStatement":8,"seen":{"f:1:16:1:Infinity":0,"s:5:54:5:Infinity":0,"s:7:2:17:Infinity":1,"f:7:18:7:38":1,"s:8:18:11:Infinity":2,"f:8:18:8:24":2,"s:9:6:9:Infinity":3,"s:10:6:10:Infinity":4,"b:13:4:15:Infinity:undefined:undefined:undefined:undefined":0,"s:13:4:15:Infinity":5,"s:14:6:14:Infinity":6,"s:16:4:16:Infinity":7}}}
,"/workspace/src/utils/defaultContent.ts": {"path":"/workspace/src/utils/defaultContent.ts","statementMap":{"0":{"start":{"line":1,"column":31},"end":{"line":1,"column":null}}},"fnMap":{},"branchMap":{},"s":{"0":1},"f":{},"b":{},"meta":{"lastBranch":0,"lastFunction":0,"lastStatement":1,"seen":{"s:1:31:1:Infinity":0}}}
}
